├── dataStructures
│   ├── dataStructures.mk
│   ├── include
│   │   ├── Graph.hpp
│   │   ├── Hashmap.hpp
│   │   ├── Heap.hpp
│   │   ├── List.hpp
│   │   ├── Pair.hpp
│   │   ├── Queue.hpp
│   │   ├── Stack.hpp
│   │   ├── String.hpp
│   │   ├── Trie.hpp
│   │   └── Vector.hpp
│   └── src
│       ├── String.cpp
│       └── Trie.cpp
├── eventLoop
│   ├── eventLoop.mk
│   ├── include
│   │   ├── Event.h
│   │   ├── EventLoopException.hpp
│   │   ├── EventLoop.h
│   │   ├── EventManager.hpp
│   │   ├── EventReceiver.hpp
│   │   └── EventSender.hpp
│   └── src
│       ├── Event.cpp
│       ├── EventLoop.cpp
│       ├── EventManager.cpp
│       ├── EventReceiver.cpp
│       └── EventSender.cpp
├── include
│   ├── Cart.hpp
│   ├── EnumTypes.h
│   ├── Inventory.h
│   ├── Item.hpp
│   ├── Product.hpp
│   └── Shell.hpp
├── lib
├── main.cpp
├── Makefile
├── src
│   ├── Cart.cpp
│   ├── Inventory.cpp
│   ├── Item.cpp
│   ├── Product.cpp
│   └── Shell.cpp
└── tree.log